<?xml version="1.0" encoding="UTF-8"?>
<!-- Generated by org.testng.reporters.JUnitXMLReporter -->
<testsuite hostname="ANKUMALV-YK76Y" ignored="0" name="TestFF" tests="4" failures="0" timestamp="2020-07-19T00:06:44 IST" time="0.06" errors="0">
  <testcase name="@BeforeMethod setUp" time="-1.595097404011E9" classname="base.BasePage">
    <failure type="org.testng.TestNGException" message="
Parameter &amp;apos;broswer&amp;apos; is required by BeforeMethod on method setUp but has not been marked @Optional or defined
in C:\Users\ankumalv\Documents\Testfw\javaPractice\GitJenkinsProject\testng.xml">
      <![CDATA[org.testng.TestNGException: 
Parameter 'broswer' is required by BeforeMethod on method setUp but has not been marked @Optional or defined
in C:\Users\ankumalv\Documents\Testfw\javaPractice\GitJenkinsProject\testng.xml
at java.util.ArrayList.forEach(ArrayList.java:1257)
at java.util.concurrent.FutureTask.run(FutureTask.java:266)
at java.util.concurrent.ThreadPoolExecutor.runWorker(ThreadPoolExecutor.java:1149)
at java.util.concurrent.ThreadPoolExecutor$Worker.run(ThreadPoolExecutor.java:624)
at java.lang.Thread.run(Thread.java:748)
... Removed 19 stack frames]]>
    </failure>
  </testcase> <!-- @BeforeMethod setUp -->
  <testcase name="@AfterMethod tearDown" time="-1.595097404029E9" classname="base.BasePage">
    <skipped/>
  </testcase> <!-- @AfterMethod tearDown -->
  <testcase name="login" time="0.0" classname="testOne.LoginPage">
    <skipped/>
  </testcase> <!-- login -->
  <testcase name="login" time="0.0" classname="testOne.LoginPage">
    <skipped/>
  </testcase> <!-- login -->
  <testcase name="enterText" time="0.0" classname="testOne.LoginPage">
    <skipped/>
  </testcase> <!-- enterText -->
  <testcase name="enterText" time="0.0" classname="testOne.LoginPage">
    <skipped/>
  </testcase> <!-- enterText -->
</testsuite> <!-- TestFF -->
